[INFO] Scanning for projects...
[INFO] 
[INFO] ----------------< com.satyainfotechnetworks:Trackyfly >-----------------
[INFO] Building Trackyfly 0.0.1-SNAPSHOT
[INFO]   from pom.xml
[INFO] --------------------------------[ jar ]---------------------------------
[INFO] 
[INFO] >>> spring-boot:3.4.3:run (default-cli) > test-compile @ Trackyfly >>>
[INFO] 
[INFO] --- resources:3.3.1:resources (default-resources) @ Trackyfly ---
[INFO] Copying 1 resource from src\main\resources to target\classes
[INFO] Copying 0 resource from src\main\resources to target\classes
[INFO] 
[INFO] --- compiler:3.13.0:compile (default-compile) @ Trackyfly ---
[INFO] Nothing to compile - all classes are up to date.
[INFO] 
[INFO] --- resources:3.3.1:testResources (default-testResources) @ Trackyfly ---
[INFO] skip non existing resourceDirectory C:\Users\devra\OneDrive\Desktop\SatyaInfoTechNetwork\Tracking-SDK\Backend\src\test\resources
[INFO] 
[INFO] --- compiler:3.13.0:testCompile (default-testCompile) @ Trackyfly ---
[INFO] Nothing to compile - all classes are up to date.
[INFO] 
[INFO] <<< spring-boot:3.4.3:run (default-cli) < test-compile @ Trackyfly <<<
[INFO] 
[INFO] 
[INFO] --- spring-boot:3.4.3:run (default-cli) @ Trackyfly ---
[INFO] Attaching agents: []

  .   ____          _            __ _ _
 /\\ / ___'_ __ _ _(_)_ __  __ _ \ \ \ \
( ( )\___ | '_ | '_| | '_ \/ _` | \ \ \ \
 \\/  ___)| |_)| | | | | || (_| |  ) ) ) )
  '  |____| .__|_| |_|_| |_\__, | / / / /
 =========|_|==============|___/=/_/_/_/

 :: Spring Boot ::                (v3.4.3)

2026-03-11T00:04:53.943+05:30  INFO 7472 --- [Trackyfly] [           main] c.s.Trackyfly.TrackyflyApplication       : Starting TrackyflyApplication using Java 21.0.9 with PID 7472 (C:\Users\devra\OneDrive\Desktop\SatyaInfoTechNetwork\Tracking-SDK\Backend\target\classes started by devra in C:\Users\devra\OneDrive\Desktop\SatyaInfoTechNetwork\Tracking-SDK\Backend)
2026-03-11T00:04:53.946+05:30  INFO 7472 --- [Trackyfly] [           main] c.s.Trackyfly.TrackyflyApplication       : No active profile set, falling back to 1 default profile: "default"
2026-03-11T00:04:54.925+05:30  INFO 7472 --- [Trackyfly] [           main] .s.d.r.c.RepositoryConfigurationDelegate : Bootstrapping Spring Data JPA repositories in DEFAULT mode.
2026-03-11T00:04:55.176+05:30  INFO 7472 --- [Trackyfly] [           main] .s.d.r.c.RepositoryConfigurationDelegate : Finished Spring Data repository scanning in 205 ms. Found 5 JPA repository interfaces.
2026-03-11T00:04:56.286+05:30  INFO 7472 --- [Trackyfly] [           main] o.s.b.w.embedded.tomcat.TomcatWebServer  : Tomcat initialized with port 8080 (http)
2026-03-11T00:04:56.306+05:30  INFO 7472 --- [Trackyfly] [           main] o.apache.catalina.core.StandardService   : Starting service [Tomcat]
2026-03-11T00:04:56.306+05:30  INFO 7472 --- [Trackyfly] [           main] o.apache.catalina.core.StandardEngine    : Starting Servlet engine: [Apache Tomcat/10.1.36]
2026-03-11T00:04:56.394+05:30  INFO 7472 --- [Trackyfly] [           main] o.a.c.c.C.[Tomcat].[localhost].[/]       : Initializing Spring embedded WebApplicationContext
2026-03-11T00:04:56.396+05:30  INFO 7472 --- [Trackyfly] [           main] w.s.c.ServletWebServerApplicationContext : Root WebApplicationContext: initialization completed in 2382 ms
2026-03-11T00:04:56.612+05:30  INFO 7472 --- [Trackyfly] [           main] o.hibernate.jpa.internal.util.LogHelper  : HHH000204: Processing PersistenceUnitInfo [name: default]
2026-03-11T00:04:56.703+05:30  INFO 7472 --- [Trackyfly] [           main] org.hibernate.Version                    : HHH000412: Hibernate ORM core version 6.6.8.Final
2026-03-11T00:04:56.758+05:30  INFO 7472 --- [Trackyfly] [           main] o.h.c.internal.RegionFactoryInitiator    : HHH000026: Second-level cache disabled
2026-03-11T00:04:57.301+05:30  INFO 7472 --- [Trackyfly] [           main] o.s.o.j.p.SpringPersistenceUnitInfo      : No LoadTimeWeaver setup: ignoring JPA class transformer
2026-03-11T00:04:57.358+05:30  INFO 7472 --- [Trackyfly] [           main] com.zaxxer.hikari.HikariDataSource       : HikariPool-1 - Starting...
2026-03-11T00:04:58.039+05:30  INFO 7472 --- [Trackyfly] [           main] com.zaxxer.hikari.pool.HikariPool        : HikariPool-1 - Added connection com.mysql.cj.jdbc.ConnectionImpl@69f9b561
2026-03-11T00:04:58.044+05:30  INFO 7472 --- [Trackyfly] [           main] com.zaxxer.hikari.HikariDataSource       : HikariPool-1 - Start completed.
2026-03-11T00:04:58.236+05:30  WARN 7472 --- [Trackyfly] [           main] org.hibernate.orm.deprecation            : HHH90000025: MySQLDialect does not need to be specified explicitly using 'hibernate.dialect' (remove the property setting and it will be selected by default)
2026-03-11T00:04:58.288+05:30  INFO 7472 --- [Trackyfly] [           main] org.hibernate.orm.connections.pooling    : HHH10001005: Database info:
	Database JDBC URL [Connecting through datasource 'HikariDataSource (HikariPool-1)']
	Database driver: undefined/unknown
	Database version: 8.4.8
	Autocommit mode: undefined/unknown
	Isolation level: undefined/unknown
	Minimum pool size: undefined/unknown
	Maximum pool size: undefined/unknown
2026-03-11T00:04:59.978+05:30  INFO 7472 --- [Trackyfly] [           main] o.h.e.t.j.p.i.JtaPlatformInitiator       : HHH000489: No JTA platform available (set 'hibernate.transaction.jta.platform' to enable JTA platform integration)
2026-03-11T00:05:00.542+05:30  INFO 7472 --- [Trackyfly] [           main] j.LocalContainerEntityManagerFactoryBean : Initialized JPA EntityManagerFactory for persistence unit 'default'
2026-03-11T00:05:01.335+05:30  INFO 7472 --- [Trackyfly] [           main] r$InitializeUserDetailsManagerConfigurer : Global AuthenticationManager configured with UserDetailsService bean with name userDetailsServiceImpl
2026-03-11T00:05:01.536+05:30  WARN 7472 --- [Trackyfly] [           main] JpaBaseConfiguration$JpaWebConfiguration : spring.jpa.open-in-view is enabled by default. Therefore, database queries may be performed during view rendering. Explicitly configure spring.jpa.open-in-view to disable this warning
2026-03-11T00:05:02.728+05:30  WARN 7472 --- [Trackyfly] [           main] ConfigServletWebServerApplicationContext : Exception encountered during context initialization - cancelling refresh attempt: org.springframework.context.ApplicationContextException: Failed to start bean 'webServerStartStop'
2026-03-11T00:05:02.731+05:30  INFO 7472 --- [Trackyfly] [           main] j.LocalContainerEntityManagerFactoryBean : Closing JPA EntityManagerFactory for persistence unit 'default'
2026-03-11T00:05:02.734+05:30  INFO 7472 --- [Trackyfly] [           main] com.zaxxer.hikari.HikariDataSource       : HikariPool-1 - Shutdown initiated...
2026-03-11T00:05:02.745+05:30  INFO 7472 --- [Trackyfly] [           main] com.zaxxer.hikari.HikariDataSource       : HikariPool-1 - Shutdown completed.
2026-03-11T00:05:02.760+05:30  INFO 7472 --- [Trackyfly] [           main] .s.b.a.l.ConditionEvaluationReportLogger : 

Error starting ApplicationContext. To display the condition evaluation report re-run your application with 'debug' enabled.
2026-03-11T00:05:02.788+05:30 ERROR 7472 --- [Trackyfly] [           main] o.s.b.d.LoggingFailureAnalysisReporter   : 

***************************
APPLICATION FAILED TO START
***************************

Description:

Web server failed to start. Port 8080 was already in use.

Action:

Identify and stop the process that's listening on port 8080 or configure this application to listen on another port.

[INFO] ------------------------------------------------------------------------
[INFO] BUILD FAILURE
[INFO] ------------------------------------------------------------------------
[INFO] Total time:  13.071 s
[INFO] Finished at: 2026-03-11T00:05:02+05:30
[INFO] ------------------------------------------------------------------------
[ERROR] Failed to execute goal org.springframework.boot:spring-boot-maven-plugin:3.4.3:run (default-cli) on project Trackyfly: Process terminated with exit code: 1 -> [Help 1]
[ERROR] 
[ERROR] To see the full stack trace of the errors, re-run Maven with the -e switch.
[ERROR] Re-run Maven using the -X switch to enable full debug logging.
[ERROR] 
[ERROR] For more information about the errors and possible solutions, please read the following articles:
[ERROR] [Help 1] http://cwiki.apache.org/confluence/display/MAVEN/MojoExecutionException
